Dataset/Injected-Faults/Threema/Threema-Defeito-3/app/build/intermediates/manifest_merge_blame_file/noneDebug/manifest-merger-blame-none-debug-report.txt
1<?xml version="1.0" encoding="utf-8"?>
2<manifest xmlns:android="http://schemas.android.com/apk/res/android"
3    package="ch.threema.app"
4    android:installLocation="internalOnly"
5    android:testOnly="false"
6    android:versionCode="688"
7    android:versionName="4.56" >
8
9    <uses-sdk
9-->src/main/AndroidManifest.xml:125:2-126:87
10        android:minSdkVersion="19"
11        android:targetSdkVersion="29" />
12
13    <supports-screens
13-->src/main/AndroidManifest.xml:9:2-15:33
14        android:anyDensity="true"
14-->src/main/AndroidManifest.xml:10:3-28
15        android:largeScreens="true"
15-->src/main/AndroidManifest.xml:11:3-30
16        android:normalScreens="true"
16-->src/main/AndroidManifest.xml:12:3-31
17        android:resizeable="true"
17-->src/main/AndroidManifest.xml:13:3-28
18        android:smallScreens="true"
18-->src/main/AndroidManifest.xml:14:3-30
19        android:xlargeScreens="true" />
19-->src/main/AndroidManifest.xml:15:3-31
20
21    <uses-feature
21-->src/main/AndroidManifest.xml:17:2-19:28
22        android:glEsVersion="0x00020000"
22-->src/main/AndroidManifest.xml:18:3-35
23        android:required="true" /> <!-- DANGEROUS PERMISSIONS -->
23-->src/main/AndroidManifest.xml:19:3-26
24    <!-- android.permission-group.CONTACTS -->
25    <uses-permission android:name="android.permission.READ_CONTACTS" />
25-->src/main/AndroidManifest.xml:23:2-68
25-->src/main/AndroidManifest.xml:23:19-66
26    <uses-permission android:name="android.permission.WRITE_CONTACTS" />
26-->src/main/AndroidManifest.xml:24:2-69
26-->src/main/AndroidManifest.xml:24:19-67
27    <uses-permission android:name="android.permission.GET_ACCOUNTS" /> <!-- android.permission-group.STORAGE -->
27-->src/main/AndroidManifest.xml:25:2-67
27-->src/main/AndroidManifest.xml:25:19-65
28    <uses-permission android:name="android.permission.WRITE_EXTERNAL_STORAGE" />
28-->src/main/AndroidManifest.xml:28:2-77
28-->src/main/AndroidManifest.xml:28:19-75
29    <uses-permission android:name="android.permission.READ_EXTERNAL_STORAGE" /> <!-- android.permission-group.LOCATION -->
29-->src/main/AndroidManifest.xml:29:2-76
29-->src/main/AndroidManifest.xml:29:19-74
30    <uses-permission android:name="android.permission.ACCESS_FINE_LOCATION" />
30-->src/main/AndroidManifest.xml:32:2-75
30-->src/main/AndroidManifest.xml:32:19-73
31    <uses-permission android:name="android.permission.ACCESS_COARSE_LOCATION" /> <!-- android.permission-group.MICROPHONE -->
31-->src/main/AndroidManifest.xml:33:2-77
31-->src/main/AndroidManifest.xml:33:19-75
32    <uses-permission android:name="android.permission.RECORD_AUDIO" /> <!-- android.permission-group.PHONE -->
32-->src/main/AndroidManifest.xml:36:2-67
32-->src/main/AndroidManifest.xml:36:19-65
33    <!-- Required to detect and hangup incoming regular calls -->
34    <uses-permission android:name="android.permission.READ_PHONE_STATE" />
34-->src/main/AndroidManifest.xml:40:2-71
34-->src/main/AndroidManifest.xml:40:19-69
35    <uses-permission android:name="android.permission.CALL_PHONE" />
35-->src/main/AndroidManifest.xml:41:2-65
35-->src/main/AndroidManifest.xml:41:19-63
36    <uses-permission android:name="android.permission.ANSWER_PHONE_CALLS" /> <!-- android.permission-group.CAMERA -->
36-->src/main/AndroidManifest.xml:42:2-73
36-->src/main/AndroidManifest.xml:42:19-71
37    <uses-permission android:name="android.permission.CAMERA" /> <!-- PROTECTION_NORMAL - granted automatically -->
37-->src/main/AndroidManifest.xml:45:2-62
37-->src/main/AndroidManifest.xml:45:19-59
38    <uses-permission android:name="android.permission.INTERNET" />
38-->src/main/AndroidManifest.xml:48:2-63
38-->src/main/AndroidManifest.xml:48:19-61
39    <uses-permission android:name="android.permission.ACCESS_NETWORK_STATE" />
39-->src/main/AndroidManifest.xml:49:2-76
39-->src/main/AndroidManifest.xml:49:19-73
40    <uses-permission android:name="android.permission.READ_SYNC_SETTINGS" />
40-->src/main/AndroidManifest.xml:50:2-73
40-->src/main/AndroidManifest.xml:50:19-71
41    <uses-permission android:name="android.permission.WRITE_SYNC_SETTINGS" />
41-->src/main/AndroidManifest.xml:51:2-74
41-->src/main/AndroidManifest.xml:51:19-72
42    <uses-permission android:name="android.permission.VIBRATE" />
42-->src/main/AndroidManifest.xml:52:2-62
42-->src/main/AndroidManifest.xml:52:19-60
43    <uses-permission android:name="android.permission.WAKE_LOCK" />
43-->src/main/AndroidManifest.xml:53:2-64
43-->src/main/AndroidManifest.xml:53:19-62
44    <uses-permission android:name="android.permission.RECEIVE_BOOT_COMPLETED" />
44-->src/main/AndroidManifest.xml:54:2-77
44-->src/main/AndroidManifest.xml:54:19-75
45    <uses-permission android:name="android.permission.FOREGROUND_SERVICE" />
45-->src/main/AndroidManifest.xml:55:2-73
45-->src/main/AndroidManifest.xml:55:19-71
46    <uses-permission android:name="android.permission.USE_FULL_SCREEN_INTENT" /> <!-- To install updates - Threema Shop version only -->
46-->src/main/AndroidManifest.xml:56:2-77
46-->src/main/AndroidManifest.xml:56:19-75
47    <uses-permission android:name="android.permission.REQUEST_INSTALL_PACKAGES" /> <!-- Access to address book -->
47-->src/main/AndroidManifest.xml:59:2-79
47-->src/main/AndroidManifest.xml:59:19-77
48    <uses-permission android:name="android.permission.MANAGE_ACCOUNTS" />
48-->src/main/AndroidManifest.xml:62:2-70
48-->src/main/AndroidManifest.xml:62:19-68
49    <uses-permission android:name="android.permission.AUTHENTICATE_ACCOUNTS" /> <!-- Access to audio settings and bluetooth for voice calls -->
49-->src/main/AndroidManifest.xml:63:2-76
49-->src/main/AndroidManifest.xml:63:19-74
50    <uses-permission android:name="android.permission.MODIFY_AUDIO_SETTINGS" />
50-->src/main/AndroidManifest.xml:66:2-76
50-->src/main/AndroidManifest.xml:66:19-74
51    <uses-permission android:name="android.permission.BLUETOOTH" /> <!-- Permissions for biometric unlocking -->
51-->src/main/AndroidManifest.xml:67:2-64
51-->src/main/AndroidManifest.xml:67:19-62
52    <uses-permission android:name="android.permission.USE_BIOMETRIC" />
52-->src/main/AndroidManifest.xml:70:2-68
52-->src/main/AndroidManifest.xml:70:19-66
53    <uses-permission android:name="android.permission.USE_FINGERPRINT" /> <!-- licence stuff -->
53-->src/main/AndroidManifest.xml:71:2-70
53-->src/main/AndroidManifest.xml:71:19-68
54    <uses-permission android:name="com.android.vending.CHECK_LICENSE" /> <!-- launcher shortcuts -->
54-->src/main/AndroidManifest.xml:74:2-69
54-->src/main/AndroidManifest.xml:74:19-67
55    <uses-permission android:name="com.android.launcher.permission.INSTALL_SHORTCUT" /> <!-- for huawei launcher badges -->
55-->src/main/AndroidManifest.xml:77:2-84
55-->src/main/AndroidManifest.xml:77:19-82
56    <uses-permission android:name="com.huawei.android.launcher.permission.CHANGE_BADGE" />
56-->src/main/AndroidManifest.xml:80:2-87
56-->src/main/AndroidManifest.xml:80:19-85
57    <uses-permission android:name="com.huawei.android.launcher.permission.READ_SETTINGS" />
57-->src/main/AndroidManifest.xml:81:2-88
57-->src/main/AndroidManifest.xml:81:19-86
58    <uses-permission android:name="com.huawei.android.launcher.permission.WRITE_SETTINGS" /> <!-- sony launcher badges -->
58-->src/main/AndroidManifest.xml:82:2-89
58-->src/main/AndroidManifest.xml:82:19-87
59    <uses-permission android:name="com.sonymobile.home.permission.PROVIDER_INSERT_BADGE" />
59-->src/main/AndroidManifest.xml:85:2-88
59-->src/main/AndroidManifest.xml:85:19-86
60    <uses-permission android:name="android.permission.BLUETOOTH_ADMIN" />
60-->src/main/AndroidManifest.xml:87:2-70
60-->src/main/AndroidManifest.xml:87:19-68
61    <uses-permission android:name="android.permission.ACCESS_WIFI_STATE" /> <!-- only for fastlane test -->
61-->src/main/AndroidManifest.xml:88:2-72
61-->src/main/AndroidManifest.xml:88:19-70
62    <!-- TODO -->
63    <!-- <uses-permission android:name="android.permission.CHANGE_CONFIGURATION"/> -->
64    <uses-feature
64-->src/main/AndroidManifest.xml:94:2-96:29
65        android:name="android.hardware.location"
65-->src/main/AndroidManifest.xml:95:3-43
66        android:required="false" />
66-->src/main/AndroidManifest.xml:96:3-27
67    <uses-feature
67-->src/main/AndroidManifest.xml:97:2-99:29
68        android:name="android.hardware.location.gps"
68-->src/main/AndroidManifest.xml:98:3-47
69        android:required="false" />
69-->src/main/AndroidManifest.xml:99:3-27
70    <uses-feature
70-->src/main/AndroidManifest.xml:100:2-102:29
71        android:name="android.hardware.location.network"
71-->src/main/AndroidManifest.xml:101:3-51
72        android:required="false" />
72-->src/main/AndroidManifest.xml:102:3-27
73    <uses-feature
73-->src/main/AndroidManifest.xml:103:2-105:29
74        android:name="android.hardware.touchscreen"
74-->src/main/AndroidManifest.xml:104:3-46
75        android:required="false" />
75-->src/main/AndroidManifest.xml:105:3-27
76    <uses-feature
76-->src/main/AndroidManifest.xml:106:2-108:29
77        android:name="android.hardware.telephony"
77-->src/main/AndroidManifest.xml:107:3-44
78        android:required="false" />
78-->src/main/AndroidManifest.xml:108:3-27
79    <uses-feature
79-->src/main/AndroidManifest.xml:109:2-111:29
80        android:name="android.hardware.microphone"
80-->src/main/AndroidManifest.xml:110:3-45
81        android:required="false" />
81-->src/main/AndroidManifest.xml:111:3-27
82    <uses-feature
82-->src/main/AndroidManifest.xml:112:2-114:29
83        android:name="android.hardware.screen.portrait"
83-->src/main/AndroidManifest.xml:113:3-50
84        android:required="false" />
84-->src/main/AndroidManifest.xml:114:3-27
85    <uses-feature
85-->src/main/AndroidManifest.xml:115:2-117:29
86        android:name="android.hardware.bluetooth"
86-->src/main/AndroidManifest.xml:116:3-44
87        android:required="false" />
87-->src/main/AndroidManifest.xml:117:3-27
88    <uses-feature
88-->src/main/AndroidManifest.xml:118:2-120:29
89        android:name="android.hardware.camera"
89-->src/main/AndroidManifest.xml:119:3-41
90        android:required="false" />
90-->src/main/AndroidManifest.xml:120:3-27
91    <uses-feature
91-->src/main/AndroidManifest.xml:121:2-123:29
92        android:name="android.hardware.camera.any"
92-->src/main/AndroidManifest.xml:122:3-45
93        android:required="false" />
93-->src/main/AndroidManifest.xml:123:3-27
94    <uses-feature
94-->[com.mapbox.mapboxsdk:mapbox-android-sdk:9.2.1] AndroidManifest.xml:12:5-14:36
95        android:name="android.hardware.wifi"
95-->[com.mapbox.mapboxsdk:mapbox-android-sdk:9.2.1] AndroidManifest.xml:13:9-45
96        android:required="false" /> <!-- Required by older versions of Google Play services to create IID tokens -->
96-->[com.mapbox.mapboxsdk:mapbox-android-sdk:9.2.1] AndroidManifest.xml:14:9-33
97    <uses-permission android:name="com.google.android.c2dm.permission.RECEIVE" />
97-->[com.google.firebase:firebase-iid:20.0.2] AndroidManifest.xml:26:5-82
97-->[com.google.firebase:firebase-iid:20.0.2] AndroidManifest.xml:26:22-79
98
99    <application
99-->src/main/AndroidManifest.xml:128:2-926:16
100        android:name="ch.threema.app.ThreemaApplication"
100-->src/main/AndroidManifest.xml:129:3-37
101        android:allowAudioPlaybackCapture="false"
101-->src/main/AndroidManifest.xml:143:3-44
102        android:allowBackup="false"
102-->src/main/AndroidManifest.xml:130:3-30
103        android:appCategory="social"
103-->src/main/AndroidManifest.xml:144:3-31
104        android:appComponentFactory="androidx.core.app.CoreComponentFactory"
104-->[androidx.core:core:1.5.0] AndroidManifest.xml:24:18-86
105        android:debuggable="true"
106        android:extractNativeLibs="true"
106-->src/main/AndroidManifest.xml:131:3-35
107        android:hardwareAccelerated="true"
107-->src/main/AndroidManifest.xml:132:3-37
108        android:hasFragileUserData="true"
108-->src/main/AndroidManifest.xml:145:3-36
109        android:icon="@mipmap/ic_launcher"
109-->src/main/AndroidManifest.xml:133:3-37
110        android:label="@string/app_name"
110-->src/main/AndroidManifest.xml:135:3-35
111        android:largeHeap="true"
111-->src/main/AndroidManifest.xml:136:3-27
112        android:manageSpaceActivity=".activities.StorageManagementActivity"
112-->src/main/AndroidManifest.xml:142:3-70
113        android:networkSecurityConfig="@xml/network_security_config"
113-->src/main/AndroidManifest.xml:141:3-63
114        android:resizeableActivity="true"
114-->src/main/AndroidManifest.xml:137:3-36
115        android:roundIcon="@mipmap/ic_launcher"
115-->src/main/AndroidManifest.xml:134:3-42
116        android:supportsRtl="false"
116-->src/main/AndroidManifest.xml:138:3-30
117        android:theme="@style/AppBaseTheme"
117-->src/main/AndroidManifest.xml:139:3-38
118        android:usesCleartextTraffic="false" >
118-->src/main/AndroidManifest.xml:140:3-39
119        <meta-data
119-->src/store_google/AndroidManifest.xml:9:3-11:59
120            android:name="com.google.android.gms.version"
120-->src/store_google/AndroidManifest.xml:10:4-49
121            android:value="@integer/google_play_services_version" />
121-->src/store_google/AndroidManifest.xml:11:4-57
122        <meta-data
122-->src/store_google/AndroidManifest.xml:12:3-14:49
123            android:name="com.google.android.gms.car.application"
123-->src/store_google/AndroidManifest.xml:13:4-57
124            android:resource="@xml/automotive_app_desc" />
124-->src/store_google/AndroidManifest.xml:14:4-47
125        <meta-data
125-->src/store_google/AndroidManifest.xml:15:3-17:26
126            android:name="firebase_analytics_collection_deactivated"
126-->src/store_google/AndroidManifest.xml:16:4-60
127            android:value="true" />
127-->src/store_google/AndroidManifest.xml:17:4-24
128        <meta-data
128-->src/store_google/AndroidManifest.xml:18:3-20:27
129            android:name="google_analytics_adid_collection_enabled"
129-->src/store_google/AndroidManifest.xml:19:4-59
130            android:value="false" />
130-->src/store_google/AndroidManifest.xml:20:4-25
131        <meta-data
131-->src/store_google/AndroidManifest.xml:21:3-23:28
132            android:name="google_analytics_ssaid_collection_enabled"
132-->src/store_google/AndroidManifest.xml:22:4-60
133            android:value="false" />
133-->src/store_google/AndroidManifest.xml:23:4-25
134        <meta-data
134-->src/store_google/AndroidManifest.xml:24:3-26:27
135            android:name="firebase_messaging_auto_init_enabled"
135-->src/store_google/AndroidManifest.xml:25:4-55
136            android:value="false" />
136-->src/store_google/AndroidManifest.xml:26:4-25
137
138        <service
138-->src/store_google/AndroidManifest.xml:28:3-34:13
139            android:name="ch.threema.app.push.PushService"
139-->src/store_google/AndroidManifest.xml:29:4-50
140            android:exported="false" >
140-->src/store_google/AndroidManifest.xml:30:4-28
141            <intent-filter>
141-->src/store_google/AndroidManifest.xml:31:4-33:20
142                <action android:name="com.google.firebase.MESSAGING_EVENT" />
142-->src/store_google/AndroidManifest.xml:32:5-66
142-->src/store_google/AndroidManifest.xml:32:13-63
143            </intent-filter>
144        </service>
145
146        <!--
147         Note: The "replace" entry above should be kept to ensure that a library cannot accidentally
148		override rtl or backup support. Unfortunately the linter warning cannot be silenced.
149        -->
150        <meta-data
150-->src/main/AndroidManifest.xml:149:3-151:25
151            android:name="android.max_aspect"
151-->src/main/AndroidManifest.xml:150:4-37
152            android:value="2.5" />
152-->src/main/AndroidManifest.xml:151:4-23
153        <meta-data
153-->src/main/AndroidManifest.xml:152:3-154:38
154            android:name="android.provider.CONTACTS_STRUCTURE"
154-->src/main/AndroidManifest.xml:153:4-54
155            android:resource="@xml/contacts" />
155-->src/main/AndroidManifest.xml:154:4-36
156
157        <activity
157-->src/main/AndroidManifest.xml:156:3-173:14
158            android:name="ch.threema.app.activities.MainActivity"
158-->src/main/AndroidManifest.xml:157:4-43
159            android:configChanges="uiMode"
159-->src/main/AndroidManifest.xml:161:4-34
160            android:label="@string/app_name"
160-->src/main/AndroidManifest.xml:158:4-36
161            android:launchMode="singleTop"
161-->src/main/AndroidManifest.xml:159:4-34
162            android:theme="@style/SplashTheme" >
162-->src/main/AndroidManifest.xml:160:4-38
163            <intent-filter>
163-->src/main/AndroidManifest.xml:162:4-168:20
164                <action android:name="android.intent.action.MAIN" />
164-->src/main/AndroidManifest.xml:163:5-56
164-->src/main/AndroidManifest.xml:163:13-54
165
166                <category android:name="android.intent.category.LAUNCHER" />
166-->src/main/AndroidManifest.xml:165:5-64
166-->src/main/AndroidManifest.xml:165:15-62
167                <!-- samsung multiwindow -->
168                <category android:name="android.intent.category.MULTIWINDOW_LAUNCHER" />
168-->src/main/AndroidManifest.xml:167:5-76
168-->src/main/AndroidManifest.xml:167:15-74
169            </intent-filter>
170
171            <meta-data
171-->src/main/AndroidManifest.xml:170:4-172:44
172                android:name="android.app.shortcuts"
172-->src/main/AndroidManifest.xml:171:5-41
173                android:resource="@xml/app_shortcuts" />
173-->src/main/AndroidManifest.xml:172:5-42
174        </activity>
175        <activity
175-->src/main/AndroidManifest.xml:174:3-179:14
176            android:name="ch.threema.app.activities.HomeActivity"
176-->src/main/AndroidManifest.xml:175:4-43
177            android:configChanges="uiMode"
177-->src/main/AndroidManifest.xml:178:4-34
178            android:launchMode="singleTask"
178-->src/main/AndroidManifest.xml:176:4-35
179            android:theme="@style/Theme.Threema.WithToolbar" >
179-->src/main/AndroidManifest.xml:177:4-52
180        </activity>
181        <activity
181-->src/main/AndroidManifest.xml:180:3-195:14
182            android:name="ch.threema.app.activities.ComposeMessageActivity"
182-->src/main/AndroidManifest.xml:181:4-53
183            android:configChanges="touchscreen|keyboard|keyboardHidden|orientation|screenLayout|screenSize|uiMode"
183-->src/main/AndroidManifest.xml:185:4-106
184            android:launchMode="singleTop"
184-->src/main/AndroidManifest.xml:182:4-34
185            android:parentActivityName="ch.threema.app.activities.HomeActivity"
185-->src/main/AndroidManifest.xml:183:4-57
186            android:theme="@style/Theme.Threema.WithToolbar"
186-->src/main/AndroidManifest.xml:184:4-52
187            android:windowSoftInputMode="stateUnchanged" >
187-->src/main/AndroidManifest.xml:186:4-48
188            <intent-filter android:label="@string/threema_contact" >
188-->src/main/AndroidManifest.xml:187:4-194:20
188-->src/main/AndroidManifest.xml:187:19-58
189                <action android:name="android.intent.action.VIEW" />
189-->src/main/AndroidManifest.xml:189:5-56
189-->src/main/AndroidManifest.xml:189:13-54
190
191                <category android:name="android.intent.category.DEFAULT" />
191-->src/main/AndroidManifest.xml:191:5-63
191-->src/main/AndroidManifest.xml:191:15-61
192
193                <data android:mimeType="@string/contacts_mime_type" />
194            </intent-filter>
195        </activity>
196        <activity
196-->src/main/AndroidManifest.xml:196:3-243:14
197            android:name="ch.threema.app.activities.RecipientListActivity"
197-->src/main/AndroidManifest.xml:197:4-52
198            android:configChanges="uiMode"
198-->src/main/AndroidManifest.xml:203:4-34
199            android:excludeFromRecents="true"
199-->src/main/AndroidManifest.xml:199:4-37
200            android:label="@string/app_name"
200-->src/main/AndroidManifest.xml:198:4-36
201            android:launchMode="singleTask"
201-->src/main/AndroidManifest.xml:201:4-35
202            android:taskAffinity=""
202-->src/main/AndroidManifest.xml:200:4-27
203            android:theme="@style/Theme.Threema.WithToolbar" >
203-->src/main/AndroidManifest.xml:202:4-52
204            <intent-filter android:label="@string/app_name" >
204-->src/main/AndroidManifest.xml:204:4-213:20
204-->src/main/AndroidManifest.xml:204:19-51
205                <action android:name="android.intent.action.SEND" />
205-->src/main/AndroidManifest.xml:205:5-56
205-->src/main/AndroidManifest.xml:205:13-54
206
207                <category android:name="android.intent.category.DEFAULT" />
207-->src/main/AndroidManifest.xml:191:5-63
207-->src/main/AndroidManifest.xml:191:15-61
208
209                <data android:mimeType="text/plain" />
210                <data android:mimeType="image/*" />
211                <data android:mimeType="video/*" />
212                <data android:mimeType="audio/*" />
213                <data android:mimeType="application/*" />
214                <data android:mimeType="*/*" />
215            </intent-filter>
216            <intent-filter android:label="@string/app_name" >
216-->src/main/AndroidManifest.xml:214:4-218:20
216-->src/main/AndroidManifest.xml:214:19-51
217                <action android:name="android.intent.action.SEND_MULTIPLE" />
217-->src/main/AndroidManifest.xml:215:5-65
217-->src/main/AndroidManifest.xml:215:13-63
218
219                <category android:name="android.intent.category.DEFAULT" />
219-->src/main/AndroidManifest.xml:191:5-63
219-->src/main/AndroidManifest.xml:191:15-61
220
221                <data android:mimeType="*/*" />
222            </intent-filter>
223            <intent-filter android:label="@string/app_name" >
223-->src/main/AndroidManifest.xml:219:4-229:20
223-->src/main/AndroidManifest.xml:219:19-51
224                <action android:name="android.intent.action.VIEW" />
224-->src/main/AndroidManifest.xml:189:5-56
224-->src/main/AndroidManifest.xml:189:13-54
225                <action android:name="android.intent.action.SENDTO" />
225-->src/main/AndroidManifest.xml:221:5-58
225-->src/main/AndroidManifest.xml:221:13-56
226
227                <category android:name="android.intent.category.DEFAULT" />
227-->src/main/AndroidManifest.xml:191:5-63
227-->src/main/AndroidManifest.xml:191:15-61
228                <category android:name="android.intent.category.BROWSABLE" />
228-->src/main/AndroidManifest.xml:223:5-65
228-->src/main/AndroidManifest.xml:223:15-63
229
230                <data android:scheme="sms" />
231                <data android:scheme="smsto" />
232                <data
233                    android:host="compose"
234                    android:scheme="threema" />
235            </intent-filter>
236            <intent-filter android:label="@string/app_name" >
236-->src/main/AndroidManifest.xml:230:4-239:20
236-->src/main/AndroidManifest.xml:230:19-51
237                <action android:name="android.intent.action.VIEW" />
237-->src/main/AndroidManifest.xml:189:5-56
237-->src/main/AndroidManifest.xml:189:13-54
238                <action android:name="android.intent.action.SENDTO" />
238-->src/main/AndroidManifest.xml:221:5-58
238-->src/main/AndroidManifest.xml:221:13-56
239
240                <category android:name="android.intent.category.DEFAULT" />
240-->src/main/AndroidManifest.xml:191:5-63
240-->src/main/AndroidManifest.xml:191:15-61
241                <category android:name="android.intent.category.BROWSABLE" />
241-->src/main/AndroidManifest.xml:223:5-65
241-->src/main/AndroidManifest.xml:223:15-63
242
243                <data
244                    android:host="go.threema.ch"
245                    android:pathPrefix="/compose"
246                    android:scheme="https" />
247            </intent-filter>
248
249            <meta-data
249-->src/main/AndroidManifest.xml:240:4-242:53
250                android:name="android.service.chooser.chooser_target_service"
250-->src/main/AndroidManifest.xml:241:5-66
251                android:value=".RecipientChooserTargetService" />
251-->src/main/AndroidManifest.xml:242:5-51
252        </activity>
253        <activity
253-->src/main/AndroidManifest.xml:244:3-250:14
254            android:name="ch.threema.app.activities.RecipientListBaseActivity"
254-->src/main/AndroidManifest.xml:245:4-56
255            android:configChanges="uiMode"
255-->src/main/AndroidManifest.xml:248:4-34
256            android:launchMode="singleTop"
256-->src/main/AndroidManifest.xml:246:4-34
257            android:parentActivityName="ch.threema.app.activities.HomeActivity"
257-->src/main/AndroidManifest.xml:247:4-57
258            android:theme="@style/Theme.Threema.WithToolbar" >
258-->src/main/AndroidManifest.xml:249:4-52
259        </activity>
260        <activity
260-->src/main/AndroidManifest.xml:251:3-255:14
261            android:name="ch.threema.app.preference.SettingsActivity"
261-->src/main/AndroidManifest.xml:252:4-47
262            android:configChanges="touchscreen|keyboard|keyboardHidden|orientation|screenLayout|screenSize|uiMode"
262-->src/main/AndroidManifest.xml:253:4-106
263            android:theme="@style/Theme.Threema.Settings" >
263-->src/main/AndroidManifest.xml:254:4-49
264        </activity>
265        <activity
265-->src/main/AndroidManifest.xml:256:3-263:14
266            android:name="ch.threema.app.preference.SettingsNotificationsDummyActivity"
266-->src/main/AndroidManifest.xml:257:4-65
267            android:label="@string/app_name" >
267-->src/main/AndroidManifest.xml:258:4-36
268            <intent-filter>
268-->src/main/AndroidManifest.xml:259:4-262:20
269                <action android:name="android.intent.action.MAIN" />
269-->src/main/AndroidManifest.xml:163:5-56
269-->src/main/AndroidManifest.xml:163:13-54
270
271                <category android:name="android.intent.category.NOTIFICATION_PREFERENCES" />
271-->src/main/AndroidManifest.xml:261:5-80
271-->src/main/AndroidManifest.xml:261:15-78
272            </intent-filter>
273        </activity>
274        <activity android:name="ch.threema.app.preference.SettingsMediaDummyActivity" >
274-->src/main/AndroidManifest.xml:264:3-270:14
274-->src/main/AndroidManifest.xml:265:4-57
275            <intent-filter>
275-->src/main/AndroidManifest.xml:266:4-269:20
276                <action android:name="android.intent.action.MANAGE_NETWORK_USAGE" />
276-->src/main/AndroidManifest.xml:267:5-72
276-->src/main/AndroidManifest.xml:267:13-70
277
278                <category android:name="android.intent.category.DEFAULT" />
278-->src/main/AndroidManifest.xml:191:5-63
278-->src/main/AndroidManifest.xml:191:15-61
279            </intent-filter>
280        </activity>
281        <activity
281-->src/main/AndroidManifest.xml:271:3-274:37
282            android:name="ch.threema.app.activities.ContactDetailActivity"
282-->src/main/AndroidManifest.xml:272:4-52
283            android:configChanges="uiMode"
283-->src/main/AndroidManifest.xml:274:4-34
284            android:theme="@style/Theme.Threema.TransparentStatusbar" />
284-->src/main/AndroidManifest.xml:273:4-61
285        <activity
285-->src/main/AndroidManifest.xml:275:3-278:37
286            android:name="ch.threema.app.activities.AboutActivity"
286-->src/main/AndroidManifest.xml:276:4-44
287            android:configChanges="uiMode"
287-->src/main/AndroidManifest.xml:278:4-34
288            android:theme="@style/Theme.Threema.WithToolbar" />
288-->src/main/AndroidManifest.xml:277:4-52
289        <activity
289-->src/main/AndroidManifest.xml:279:3-305:14
290            android:name="ch.threema.app.activities.AddContactActivity"
290-->src/main/AndroidManifest.xml:280:4-49
291            android:configChanges="touchscreen|keyboard|keyboardHidden|orientation|screenLayout|screenSize|uiMode"
291-->src/main/AndroidManifest.xml:281:4-106
292            android:launchMode="singleTask"
292-->src/main/AndroidManifest.xml:282:4-35
293            android:theme="@style/Theme.Threema.Translucent" >
293-->src/main/AndroidManifest.xml:283:4-52
294            <intent-filter android:label="@string/app_name" >
294-->src/main/AndroidManifest.xml:284:4-293:20
294-->src/main/AndroidManifest.xml:284:19-51
295                <action android:name="android.intent.action.VIEW" />
295-->src/main/AndroidManifest.xml:189:5-56
295-->src/main/AndroidManifest.xml:189:13-54
296
297                <category android:name="android.intent.category.DEFAULT" />
297-->src/main/AndroidManifest.xml:191:5-63
297-->src/main/AndroidManifest.xml:191:15-61
298                <category android:name="android.intent.category.BROWSABLE" />
298-->src/main/AndroidManifest.xml:223:5-65
298-->src/main/AndroidManifest.xml:223:15-63
299
300                <data
301                    android:host="add"
302                    android:scheme="threema" />
303            </intent-filter>
304            <intent-filter android:label="@string/app_name" >
304-->src/main/AndroidManifest.xml:294:4-304:20
304-->src/main/AndroidManifest.xml:294:19-51
305                <action android:name="android.intent.action.VIEW" />
305-->src/main/AndroidManifest.xml:189:5-56
305-->src/main/AndroidManifest.xml:189:13-54
306
307                <category android:name="android.intent.category.DEFAULT" />
307-->src/main/AndroidManifest.xml:191:5-63
307-->src/main/AndroidManifest.xml:191:15-61
308                <category android:name="android.intent.category.BROWSABLE" />
308-->src/main/AndroidManifest.xml:223:5-65
308-->src/main/AndroidManifest.xml:223:15-63
309
310                <data
311                    android:host="go.threema.ch"
312                    android:pathPrefix="/add"
313                    android:scheme="https" />
314            </intent-filter>
315        </activity>
316        <activity
316-->src/main/AndroidManifest.xml:306:3-309:37
317            android:name="ch.threema.app.activities.LicenseActivity"
317-->src/main/AndroidManifest.xml:307:4-46
318            android:configChanges="uiMode"